<?xml version="1.0" encoding="UTF-8"?>
<!-- Generated by org.testng.reporters.JUnitReportReporter -->
<testsuite skipped="0" hostname="DESKTOP-GPQUE1Q" name="com.testCases.SearchResultPageTest" tests="3" failures="0" timestamp="2022-08-16T22:57:19 IST" time="31.302" errors="0">
  <testcase name="productAvailabilityWithoutLoginTest" time="8.722" classname="com.testCases.SearchResultPageTest"/>
  <system-out/>
  <testcase name="SearchResultPageTitleTest" time="12.750" classname="com.testCases.SearchResultPageTest"/>
  <system-out/>
  <testcase name="clickOnSearchedProductTest" time="9.830" classname="com.testCases.SearchResultPageTest"/>
  <system-out/>
</testsuite> <!-- com.testCases.SearchResultPageTest -->
