<?xml version="1.0" encoding="UTF-8"?>
<!-- Generated by org.testng.reporters.JUnitReportReporter -->
<testsuite skipped="0" hostname="DESKTOP-GPQUE1Q" name="com.testCases.ConfirmOrderPageTest" tests="1" failures="0" timestamp="2022-08-16T22:57:19 IST" time="24.188" errors="0">
  <testcase name="checkoutPageTitleTest" time="24.188" classname="com.testCases.ConfirmOrderPageTest"/>
  <system-out/>
</testsuite> <!-- com.testCases.ConfirmOrderPageTest -->
