<?xml version="1.0" encoding="UTF-8"?>
<!-- Generated by org.testng.reporters.JUnitReportReporter -->
<testsuite skipped="0" hostname="DESKTOP-GPQUE1Q" name="com.testCases.ProductDescPageTest" tests="4" failures="0" timestamp="2022-08-16T22:57:19 IST" time="108.755" errors="0">
  <testcase name="navigateToCheckoutPage" time="23.817" classname="com.testCases.ProductDescPageTest"/>
  <system-out/>
  <testcase name="navigateToShoppingCartPage" time="29.824" classname="com.testCases.ProductDescPageTest"/>
  <system-out/>
  <testcase name="writeReviewTest" time="28.741" classname="com.testCases.ProductDescPageTest"/>
  <system-out/>
  <testcase name="validateAddToCartTest" time="26.373" classname="com.testCases.ProductDescPageTest"/>
  <system-out/>
</testsuite> <!-- com.testCases.ProductDescPageTest -->
