<?xml version="1.0" encoding="UTF-8"?>
<!-- Generated by org.testng.reporters.JUnitReportReporter -->
<testsuite skipped="0" hostname="DESKTOP-GPQUE1Q" name="com.testCases.CompleteOrderPageTest" tests="2" failures="0" timestamp="2022-08-16T22:57:19 IST" time="52.367" errors="0">
  <testcase name="endToEndTest" time="28.260" classname="com.testCases.CompleteOrderPageTest"/>
  <system-out/>
  <testcase name="returnHomePageTest" time="24.107" classname="com.testCases.CompleteOrderPageTest"/>
  <system-out/>
</testsuite> <!-- com.testCases.CompleteOrderPageTest -->
