<?xml version="1.0" encoding="UTF-8"?>
<!-- Generated by org.testng.reporters.JUnitReportReporter -->
<testsuite skipped="0" hostname="DESKTOP-GPQUE1Q" name="com.testCases.IndexPageTest" tests="1" failures="0" timestamp="2022-08-16T22:57:19 IST" time="25.088" errors="0">
  <testcase name="goToLoginPage" time="25.088" classname="com.testCases.IndexPageTest"/>
  <system-out/>
</testsuite> <!-- com.testCases.IndexPageTest -->
