<?xml version="1.0" encoding="UTF-8"?>
<!-- Generated by org.testng.reporters.JUnitReportReporter -->
<testsuite skipped="0" hostname="DESKTOP-GPQUE1Q" name="com.testCases.RegisterCustomerPageTest" tests="1" failures="0" timestamp="2022-08-16T22:57:19 IST" time="26.705" errors="0">
  <testcase name="verifyRegisterNewCustomerTest" time="26.705" classname="com.testCases.RegisterCustomerPageTest"/>
  <system-out/>
</testsuite> <!-- com.testCases.RegisterCustomerPageTest -->
