<?xml version="1.0" encoding="UTF-8"?>
<!-- Generated by org.testng.reporters.JUnitReportReporter -->
<testsuite skipped="0" hostname="DESKTOP-GPQUE1Q" name="com.testCases.CheckoutPageTest" tests="2" failures="0" timestamp="2022-08-16T22:57:19 IST" time="42.419" errors="0">
  <testcase name="checkoutPageTitleTest" time="18.740" classname="com.testCases.CheckoutPageTest"/>
  <system-out/>
  <testcase name="fillCheckoutDetailsTest" time="23.679" classname="com.testCases.CheckoutPageTest"/>
  <system-out/>
</testsuite> <!-- com.testCases.CheckoutPageTest -->
