<?xml version="1.0" encoding="UTF-8"?>
<!-- Generated by org.testng.reporters.JUnitReportReporter -->
<testsuite skipped="0" hostname="DESKTOP-GPQUE1Q" name="com.testCases.LoginPageTest" tests="4" failures="0" timestamp="2022-08-16T22:57:19 IST" time="67.113" errors="0">
  <testcase name="navigateToHomePageTest" time="18.058" classname="com.testCases.LoginPageTest"/>
  <system-out/>
  <testcase name="logoDisplayTest" time="18.753" classname="com.testCases.LoginPageTest"/>
  <system-out/>
  <testcase name="loginPageTitleTest" time="12.800" classname="com.testCases.LoginPageTest"/>
  <system-out/>
  <testcase name="loginCredentials" time="17.502" classname="com.testCases.LoginPageTest"/>
  <system-out/>
</testsuite> <!-- com.testCases.LoginPageTest -->
