<?xml version="1.0" encoding="UTF-8"?>
<!-- Generated by org.testng.reporters.JUnitReportReporter -->
<testsuite skipped="0" hostname="DESKTOP-GPQUE1Q" name="com.testCases.ShoppingCartPageTest" tests="2" failures="0" timestamp="2022-08-16T22:57:19 IST" time="30.045" errors="0">
  <testcase name="navigateToCheckoutPageTest" time="15.646" classname="com.testCases.ShoppingCartPageTest"/>
  <system-out/>
  <testcase name="shoppingCartPageTitleTest" time="14.399" classname="com.testCases.ShoppingCartPageTest"/>
  <system-out/>
</testsuite> <!-- com.testCases.ShoppingCartPageTest -->
